<?xml version="1.0" encoding="UTF-8"?>
<testng-results skipped="0" failed="0" ignored="0" total="1" passed="1">
  <reporter-output>
  </reporter-output>
  <suite name="Test Suite" duration-ms="59" started-at="2020-06-27T10:58:45 IST" finished-at="2020-06-27T10:58:45 IST">
    <groups>
    </groups>
    <test name="Test Cases" duration-ms="59" started-at="2020-06-27T10:58:45 IST" finished-at="2020-06-27T10:58:45 IST">
      <class name="testNG.SampleTestCase">
        <test-method status="PASS" signature="firtTestCase()[pri:0, instance:testNG.SampleTestCase@369f73a2]" name="firtTestCase" duration-ms="10" started-at="2020-06-27T10:58:45 IST" finished-at="2020-06-27T10:58:45 IST">
          <reporter-output>
          </reporter-output>
        </test-method> <!-- firtTestCase -->
      </class> <!-- testNG.SampleTestCase -->
    </test> <!-- Test Cases -->
  </suite> <!-- Test Suite -->
</testng-results>
